<?xml version="1.0" encoding="UTF-8"?>
<testsuites name="jest tests" tests="2" failures="0" time="8.123">
  <testsuite name="Query.chats" errors="0" failures="0" skipped="0" timestamp="2019-06-17T01:36:10" time="5.8" tests="1">
    <testcase classname="Query.chats should fetch all chats" name="Query.chats should fetch all chats" time="0.047">
    </testcase>
  </testsuite>
  <testsuite name="Query.chat" errors="0" failures="0" skipped="0" timestamp="2019-06-17T01:36:10" time="5.838" tests="1">
    <testcase classname="Query.chat should fetch specified chat" name="Query.chat should fetch specified chat" time="0.046">
    </testcase>
  </testsuite>
</testsuites>